Texture Groups complete! Took 2 ms
Audio Groups complete! Took 0 ms
Dumping Scripts...
Dumping Objects...
Dumping Sounds...
Dumping Rooms...
Dumping Sprites...
Dumping Fonts...
Dumping Shaders...
Dumping Extensions...
Dumping Paths...
Dumping Animation Curves...
Dumping Tilesets...
Dumping Sequences...
Dumping Timelines...
Shaders complete! Took 221 ms
Paths complete! Took 222 ms
Animation Curves complete! Took 230 ms
Sequences complete! Took 230 ms
Timelines complete! Took 230 ms
Scripts complete! Took 236 ms
Fonts complete! Took 333 ms
Tilesets complete! Took 550 ms
Objects complete! Took 581 ms
Rooms complete! Took 944 ms
Sounds complete! Took 1048 ms
Sprites complete! Took 1393 ms
All Textures complete! Took 6926 ms
Created GlobalInit Script.
